<?xml version="1.0" encoding="UTF-8"?>
<robot generator="Robot 7.0.1 (Python 3.9.6 on darwin)" generated="2026-03-05T16:48:02.978692" rpa="false" schemaversion="5">
<suite id="s1" name="TC 001" source="/Users/pornrat/Documents/GitHub/Open_Camp_Doppio_Group_2/testcases/TC_001.robot">
<test id="s1-t1" name="IKEA_002" line="13">
<kw name="Open training website" owner="common">
<kw name="New Browser" owner="Browser">
<msg time="2026-03-05T16:48:03.847623" level="INFO">{"browser": "chromium", "headless": false, "chromiumSandbox": false, "devtools": false, "handleSIGHUP": true, "handleSIGINT": true, "handleSIGTERM": true, "slowMo": 0.0, "timeout": 30000.0, "tracesDir": "/Users/pornrat/Documents/GitHub/Open_Camp_Doppio_Group_2/testcases/browser/traces/temp/1438814d-97c7-4fec-9012-06ec9533889c"}</msg>
<msg time="2026-03-05T16:48:03.920696" level="INFO">Starting Browser process /Library/Frameworks/Python.framework/Versions/3.9/lib/python3.9/site-packages/Browser/wrapper/index.js using at 127.0.0.1:49605</msg>
<msg time="2026-03-05T16:48:08.045752" level="INFO">Successfully created browser with options: {"browser":"chromium","headless":false,"chromiumSandbox":false,"devtools":false,"handleSIGHUP":true,"handleSIGINT":true,"handleSIGTERM":true,"slowMo":0,"timeout":30000,"tracesDir":"/Users/pornrat/Documents/GitHub/Open_Camp_Doppio_Group_2/testcases/browser/traces/temp/1438814d-97c7-4fec-9012-06ec9533889c"}</msg>
<arg>chromium</arg>
<arg>headless=${FALSE}</arg>
<tag>BrowserControl</tag>
<tag>Setter</tag>
<doc>Create a new playwright Browser with specified options.</doc>
<status status="PASS" start="2026-03-05T16:48:03.846289" elapsed="4.200085"/>
</kw>
<kw name="New Page" owner="Browser">
<msg time="2026-03-05T16:48:11.832820" level="INFO">Successfully initialized new page object and opened url: https://www.ikea.com/th</msg>
<msg time="2026-03-05T16:48:11.832935" level="INFO">No context was open. New context was automatically opened when this page is created.</msg>
<arg>https://www.ikea.com/th</arg>
<tag>BrowserControl</tag>
<tag>Setter</tag>
<doc>Open a new Page.</doc>
<status status="PASS" start="2026-03-05T16:48:08.048364" elapsed="3.785138"/>
</kw>
<status status="PASS" start="2026-03-05T16:48:03.844836" elapsed="7.989388"/>
</kw>
<kw name="Click cookie_policy button" owner="cookie_policy_page">
<kw name="Click" owner="Browser">
<msg time="2026-03-05T16:48:11.838629" level="INFO">Clicks the element 'id=onetrust-accept-btn-handler'.</msg>
<arg>selector=${btn_cookie_policy}</arg>
<tag>PageContent</tag>
<tag>Setter</tag>
<doc>Simulates mouse click on the element found by ``selector``.</doc>
<status status="PASS" start="2026-03-05T16:48:11.836824" elapsed="1.438742"/>
</kw>
<status status="PASS" start="2026-03-05T16:48:11.835439" elapsed="1.440929"/>
</kw>
<kw name="Click account button" owner="top_bar_page">
<kw name="Click" owner="Browser">
<msg time="2026-03-05T16:48:13.282914" level="INFO">Clicks the element 'id=hnf-header-profile'.</msg>
<arg>selector=${btn_account}</arg>
<tag>PageContent</tag>
<tag>Setter</tag>
<doc>Simulates mouse click on the element found by ``selector``.</doc>
<status status="PASS" start="2026-03-05T16:48:13.280404" elapsed="3.267196"/>
</kw>
<status status="PASS" start="2026-03-05T16:48:13.277872" elapsed="3.270204"/>
</kw>
<kw name="Click create account button" owner="register_page">
<kw name="Click" owner="Browser">
<msg time="2026-03-05T16:48:16.552299" level="INFO">Clicks the element 'data-testid=create-account'.</msg>
<arg>selector=${btn_create_account}</arg>
<tag>PageContent</tag>
<tag>Setter</tag>
<doc>Simulates mouse click on the element found by ``selector``.</doc>
<status status="PASS" start="2026-03-05T16:48:16.550087" elapsed="0.509236"/>
</kw>
<status status="PASS" start="2026-03-05T16:48:16.549033" elapsed="0.510827"/>
</kw>
<kw name="Check checkbox" owner="register_page">
<kw name="Check Checkbox" owner="Browser">
<arg>selector=${chk_policy}</arg>
<tag>PageContent</tag>
<tag>Setter</tag>
<doc>Checks the checkbox or selects radio button found by ``selector``.</doc>
<status status="PASS" start="2026-03-05T16:48:17.063327" elapsed="3.370271"/>
</kw>
<status status="PASS" start="2026-03-05T16:48:17.061174" elapsed="3.373100"/>
</kw>
<kw name="Check uncheckbox" owner="register_page">
<kw name="Uncheck Checkbox" owner="Browser">
<arg>selector=${chk_policy}</arg>
<tag>PageContent</tag>
<tag>Setter</tag>
<doc>Unchecks the checkbox found by ``selector``.</doc>
<status status="PASS" start="2026-03-05T16:48:20.438057" elapsed="0.118295"/>
</kw>
<status status="PASS" start="2026-03-05T16:48:20.435794" elapsed="0.120857"/>
</kw>
<kw name="Click signup button" owner="register_page">
<kw name="Click" owner="Browser">
<msg time="2026-03-05T16:48:20.559478" level="INFO">Clicks the element 'data-testid=sign-up-create-account'.</msg>
<arg>selector=${btn_signup}</arg>
<tag>PageContent</tag>
<tag>Setter</tag>
<doc>Simulates mouse click on the element found by ``selector``.</doc>
<status status="PASS" start="2026-03-05T16:48:20.558207" elapsed="0.153591"/>
</kw>
<status status="PASS" start="2026-03-05T16:48:20.557212" elapsed="0.155298"/>
</kw>
<kw name="Verify msg firstname" owner="register_page">
<kw name="Get Text" owner="Browser">
<msg time="2026-03-05T16:48:20.805696" level="INFO">Text: 'The first name field cannot be left empty'</msg>
<arg>${lbl_alert_firstname}</arg>
<arg>==</arg>
<arg>${alert.firstname}</arg>
<tag>Assertion</tag>
<tag>Getter</tag>
<tag>PageContent</tag>
<doc>Returns text attribute of the element found by ``selector``.</doc>
<status status="PASS" start="2026-03-05T16:48:20.714548" elapsed="0.091416"/>
</kw>
<status status="PASS" start="2026-03-05T16:48:20.713169" elapsed="0.093061"/>
</kw>
<kw name="Verify msg lastname" owner="register_page">
<kw name="Get Text" owner="Browser">
<msg time="2026-03-05T16:48:20.839892" level="INFO">Text: 'The last name field cannot be left empty'</msg>
<arg>${lbl_alert_lastname}</arg>
<arg>==</arg>
<arg>${alert.lastname}</arg>
<tag>Assertion</tag>
<tag>Getter</tag>
<tag>PageContent</tag>
<doc>Returns text attribute of the element found by ``selector``.</doc>
<status status="PASS" start="2026-03-05T16:48:20.807667" elapsed="0.032402"/>
</kw>
<status status="PASS" start="2026-03-05T16:48:20.806970" elapsed="0.033308"/>
</kw>
<kw name="Verify msg email" owner="register_page">
<kw name="Get Text" owner="Browser">
<msg time="2026-03-05T16:48:20.890338" level="INFO">Text: 'The email address field cannot be left empty'</msg>
<arg>${lbl_alert_email}</arg>
<arg>==</arg>
<arg>${alert.email}</arg>
<tag>Assertion</tag>
<tag>Getter</tag>
<tag>PageContent</tag>
<doc>Returns text attribute of the element found by ``selector``.</doc>
<status status="PASS" start="2026-03-05T16:48:20.841580" elapsed="0.048963"/>
</kw>
<status status="PASS" start="2026-03-05T16:48:20.840961" elapsed="0.049833"/>
</kw>
<kw name="Verify msg password" owner="register_page">
<kw name="Get Text" owner="Browser">
<msg time="2026-03-05T16:48:20.923190" level="INFO">Text: 'The password field cannot be left empty'</msg>
<arg>${lbl_alert_password}</arg>
<arg>==</arg>
<arg>${alert.password}</arg>
<tag>Assertion</tag>
<tag>Getter</tag>
<tag>PageContent</tag>
<doc>Returns text attribute of the element found by ``selector``.</doc>
<status status="PASS" start="2026-03-05T16:48:20.892458" elapsed="0.030901"/>
</kw>
<status status="PASS" start="2026-03-05T16:48:20.891523" elapsed="0.032046"/>
</kw>
<kw name="Verify msg policy" owner="register_page">
<kw name="Get Text" owner="Browser">
<msg time="2026-03-05T16:48:20.959279" level="INFO">Text: 'Please confirm that you agree to the Privacy Policy to proceed'</msg>
<arg>${lbl_alert_policy}</arg>
<arg>==</arg>
<arg>${alert.policy}</arg>
<tag>Assertion</tag>
<tag>Getter</tag>
<tag>PageContent</tag>
<doc>Returns text attribute of the element found by ``selector``.</doc>
<status status="PASS" start="2026-03-05T16:48:20.924894" elapsed="0.034564"/>
</kw>
<status status="PASS" start="2026-03-05T16:48:20.924242" elapsed="0.035451"/>
</kw>
<status status="PASS" start="2026-03-05T16:48:03.842333" elapsed="17.117824"/>
</test>
<status status="PASS" start="2026-03-05T16:48:02.980529" elapsed="18.229442"/>
</suite>
<statistics>
<total>
<stat pass="1" fail="0" skip="0">All Tests</stat>
</total>
<tag>
</tag>
<suite>
<stat pass="1" fail="0" skip="0" id="s1" name="TC 001">TC 001</stat>
</suite>
</statistics>
<errors>
</errors>
</robot>
