<?xml version="1.0" encoding="UTF-8"?>
<robot generator="Robot 7.4.1 (Python 3.9.6 on darwin)" generated="2026-03-05T18:29:29.183814" rpa="false" schemaversion="5">
<suite id="s1" name="TC 001" source="/Users/natthidak/Desktop/Open_Camp_Doppio_Group_2/testcases/TC_001.robot">
<test id="s1-t1" name="IKEA_003" line="21">
<kw name="Open Prod main page" owner="common">
<kw name="New Browser" owner="Browser">
<msg time="2026-03-05T18:29:29.406629" level="INFO">{"browser": "chromium", "headless": false, "chromiumSandbox": false, "devtools": false, "handleSIGHUP": true, "handleSIGINT": true, "handleSIGTERM": true, "slowMo": 0.0, "timeout": 30000.0, "tracesDir": "/Users/natthidak/Desktop/Open_Camp_Doppio_Group_2/testcases/browser/traces/temp/a8e9161f-ce1b-4924-ab67-aae1caa3bac8"}</msg>
<msg time="2026-03-05T18:29:29.438630" level="INFO">Starting Browser process /Users/natthidak/Library/Python/3.9/lib/python/site-packages/Browser/wrapper/index.js using at 127.0.0.1:53641</msg>
<msg time="2026-03-05T18:29:31.702111" level="INFO">Successfully created browser with options: {"browser":"chromium","headless":false,"chromiumSandbox":false,"devtools":false,"handleSIGHUP":true,"handleSIGINT":true,"handleSIGTERM":true,"slowMo":0,"timeout":30000,"tracesDir":"/Users/natthidak/Desktop/Open_Camp_Doppio_Group_2/testcases/browser/traces/temp/a8e9161f-ce1b-4924-ab67-aae1caa3bac8"}</msg>
<arg>chromium</arg>
<arg>${FALSE}</arg>
<tag>BrowserControl</tag>
<tag>Setter</tag>
<doc>Create a new playwright Browser with specified options.</doc>
<status status="PASS" start="2026-03-05T18:29:29.406258" elapsed="2.296118"/>
</kw>
<kw name="New Context" owner="Browser">
<msg time="2026-03-05T18:29:31.704281" level="INFO">{
  "acceptDownloads": true,
  "bypassCSP": false,
  "forcedColors": "none",
  "ignoreHTTPSErrors": false,
  "javaScriptEnabled": true,
  "offline": false,
  "reducedMotion": "no-preference",
  "serviceWorkers": "allow",
  "viewport": {
    "width": 1280,
    "height": 720
  }
}</msg>
<msg time="2026-03-05T18:29:31.740621" level="INFO">Successfully created context. </msg>
<msg time="2026-03-05T18:29:31.740695" level="INFO">{'acceptDownloads': True, 'bypassCSP': False, 'forcedColors': 'none', 'ignoreHTTPSErrors': False, 'javaScriptEnabled': True, 'offline': False, 'reducedMotion': 'no-preference', 'serviceWorkers': 'allow', 'viewport': {'width': 1280, 'height': 720}}</msg>
<tag>BrowserControl</tag>
<tag>Setter</tag>
<doc>Create a new BrowserContext with specified options.</doc>
<status status="PASS" start="2026-03-05T18:29:31.702755" elapsed="0.038005"/>
</kw>
<kw name="New Page" owner="Browser">
<msg time="2026-03-05T18:29:34.309661" level="INFO">Successfully initialized new page object and opened url: https://www.ikea.com/th</msg>
<arg>${URL}</arg>
<tag>BrowserControl</tag>
<tag>Setter</tag>
<doc>Open a new Page.</doc>
<status status="PASS" start="2026-03-05T18:29:31.740946" elapsed="2.569372"/>
</kw>
<status status="PASS" start="2026-03-05T18:29:29.405894" elapsed="4.904768"/>
</kw>
<kw name="Click cookie_policy button" owner="cookie_policy_page">
<kw name="Click" owner="Browser">
<msg time="2026-03-05T18:29:34.313598" level="INFO">Clicks the element 'id=onetrust-accept-btn-handler'.</msg>
<arg>selector=${btn_cookie_policy}</arg>
<tag>PageContent</tag>
<tag>Setter</tag>
<doc>Simulates mouse click on the element found by ``selector``.</doc>
<status status="PASS" start="2026-03-05T18:29:34.312518" elapsed="0.085316"/>
</kw>
<status status="PASS" start="2026-03-05T18:29:34.311947" elapsed="0.086000"/>
</kw>
<kw name="Test search Prod main page" owner="Prod_main_page">
<kw name="Fill Text" owner="Browser">
<msg time="2026-03-05T18:29:34.399155" level="INFO">Fills the text 'STOCKHOLM 2025' in the given field.</msg>
<arg>${Prod_main_locator_searhbox_txt}</arg>
<arg>${prodname}</arg>
<tag>PageContent</tag>
<tag>Setter</tag>
<doc>Clears and fills the given ``txt`` into the text field found by ``selector``.</doc>
<status status="PASS" start="2026-03-05T18:29:34.398856" elapsed="0.054576"/>
</kw>
<kw name="Click" owner="Browser">
<msg time="2026-03-05T18:29:34.454110" level="INFO">Clicks the element 'css=button[type="submit"]'.</msg>
<arg>${Prod_main_locator_Search_btn}</arg>
<tag>PageContent</tag>
<tag>Setter</tag>
<doc>Simulates mouse click on the element found by ``selector``.</doc>
<status status="PASS" start="2026-03-05T18:29:34.453637" elapsed="0.412679"/>
</kw>
<arg>${TC03.prodname}</arg>
<status status="PASS" start="2026-03-05T18:29:34.398187" elapsed="0.468242"/>
</kw>
<msg time="2026-03-05T18:29:34.876798" level="INFO">Switching context to context=fd12fb77-ed5d-4bcf-87ee-1dbb2d520a8a in CURRENT</msg>
<msg time="2026-03-05T18:29:34.886375" level="INFO">Successfully changed active context: context=fd12fb77-ed5d-4bcf-87ee-1dbb2d520a8a</msg>
<msg time="2026-03-05T18:29:34.903118" level="INFO">Successfully closed Context</msg>
<status status="PASS" start="2026-03-05T18:29:29.405467" elapsed="5.461118"/>
</test>
<status status="PASS" start="2026-03-05T18:29:29.185512" elapsed="5.718124"/>
</suite>
<statistics>
<total>
<stat pass="1" fail="0" skip="0">All Tests</stat>
</total>
<tag>
</tag>
<suite>
<stat name="TC 001" id="s1" pass="1" fail="0" skip="0">TC 001</stat>
</suite>
</statistics>
<errors>
<msg time="2026-03-05T18:29:29.404209" level="ERROR">Error in file '/Users/natthidak/Desktop/Open_Camp_Doppio_Group_2/resources/import.robot' on line 29: Resource file '/Users/natthidak/Desktop/Open_Camp_Doppio_Group_2/keywords/features/Prod_main_feature.robot' does not exist.</msg>
<msg time="2026-03-05T18:29:29.404283" level="ERROR">Error in file '/Users/natthidak/Desktop/Open_Camp_Doppio_Group_2/resources/import.robot' on line 30: Resource file '/Users/natthidak/Desktop/Open_Camp_Doppio_Group_2/keywords/pages/filter_page.robot' does not exist.</msg>
<msg time="2026-03-05T18:29:29.404329" level="ERROR">Error in file '/Users/natthidak/Desktop/Open_Camp_Doppio_Group_2/resources/import.robot' on line 32: Resource file '/Users/natthidak/Desktop/Open_Camp_Doppio_Group_2/resources/locators/Filter_page_locator.robot' does not exist.</msg>
<msg time="2026-03-05T18:29:29.404372" level="ERROR">Error in file '/Users/natthidak/Desktop/Open_Camp_Doppio_Group_2/resources/import.robot' on line 33: Resource file '/Users/natthidak/Desktop/Open_Camp_Doppio_Group_2/keywords/features/Filter_page_feature.robot' does not exist.</msg>
</errors>
</robot>
